2016/10/08 23:38:26 [error] [exception.ParseError] ParseError: syntax error, unexpected '=>' (T_DOUBLE_ARROW) in /Applications/MAMP/htdocs/hola/protected/components/UserIdentity.php:25
Stack trace:
#0 [internal function]: YiiBase::autoload('UserIdentity')
#1 /Applications/MAMP/htdocs/hola/protected/models/LoginForm.php(51): spl_autoload_call('UserIdentity')
#2 /Applications/MAMP/htdocs/yii/framework/validators/CInlineValidator.php(42): LoginForm->authenticate('password', Array)
#3 /Applications/MAMP/htdocs/yii/framework/validators/CValidator.php(201): CInlineValidator->validateAttribute(Object(LoginForm), 'password')
#4 /Applications/MAMP/htdocs/yii/framework/base/CModel.php(159): CValidator->validate(Object(LoginForm), Array)
#5 /Applications/MAMP/htdocs/hola/protected/controllers/SiteController.php(94): CModel->validate()
#6 /Applications/MAMP/htdocs/yii/framework/web/actions/CInlineAction.php(49): SiteController->actionLogin()
#7 /Applications/MAMP/htdocs/yii/framework/web/CController.php(308): CInlineAction->runWithParams(Array)
#8 /Applications/MAMP/htdocs/yii/framework/web/CController.php(286): CController->runAction(Object(CInlineAction))
#9 /Applications/MAMP/htdocs/yii/framework/web/CController.php(265): CController->runActionWithFilters(Object(CInlineAction), Array)
#10 /Applications/MAMP/htdocs/yii/framework/web/CWebApplication.php(282): CController->run('login')
#11 /Applications/MAMP/htdocs/yii/framework/web/CWebApplication.php(141): CWebApplication->runController('site/login')
#12 /Applications/MAMP/htdocs/yii/framework/base/CApplication.php(185): CWebApplication->processRequest()
#13 /Applications/MAMP/htdocs/hola/index.php(13): CApplication->run()
#14 {main}
REQUEST_URI=/hola/index.php?r=site/login
HTTP_REFERER=http://localhost:8888/hola/index.php?r=site/login
---
2016/10/08 23:39:45 [error] [exception.ParseError] ParseError: syntax error, unexpected '=>' (T_DOUBLE_ARROW) in /Applications/MAMP/htdocs/hola/protected/components/UserIdentity.php:25
Stack trace:
#0 [internal function]: YiiBase::autoload('UserIdentity')
#1 /Applications/MAMP/htdocs/hola/protected/models/LoginForm.php(51): spl_autoload_call('UserIdentity')
#2 /Applications/MAMP/htdocs/yii/framework/validators/CInlineValidator.php(42): LoginForm->authenticate('password', Array)
#3 /Applications/MAMP/htdocs/yii/framework/validators/CValidator.php(201): CInlineValidator->validateAttribute(Object(LoginForm), 'password')
#4 /Applications/MAMP/htdocs/yii/framework/base/CModel.php(159): CValidator->validate(Object(LoginForm), Array)
#5 /Applications/MAMP/htdocs/hola/protected/controllers/SiteController.php(94): CModel->validate()
#6 /Applications/MAMP/htdocs/yii/framework/web/actions/CInlineAction.php(49): SiteController->actionLogin()
#7 /Applications/MAMP/htdocs/yii/framework/web/CController.php(308): CInlineAction->runWithParams(Array)
#8 /Applications/MAMP/htdocs/yii/framework/web/CController.php(286): CController->runAction(Object(CInlineAction))
#9 /Applications/MAMP/htdocs/yii/framework/web/CController.php(265): CController->runActionWithFilters(Object(CInlineAction), Array)
#10 /Applications/MAMP/htdocs/yii/framework/web/CWebApplication.php(282): CController->run('login')
#11 /Applications/MAMP/htdocs/yii/framework/web/CWebApplication.php(141): CWebApplication->runController('site/login')
#12 /Applications/MAMP/htdocs/yii/framework/base/CApplication.php(185): CWebApplication->processRequest()
#13 /Applications/MAMP/htdocs/hola/index.php(13): CApplication->run()
#14 {main}
REQUEST_URI=/hola/index.php?r=site/login
HTTP_REFERER=http://localhost:8888/hola/index.php?r=site/login
---
2016/10/08 23:44:21 [error] [exception.ParseError] ParseError: syntax error, unexpected '=>' (T_DOUBLE_ARROW) in /Applications/MAMP/htdocs/hola/protected/components/UserIdentity.php:25
Stack trace:
#0 [internal function]: YiiBase::autoload('UserIdentity')
#1 /Applications/MAMP/htdocs/hola/protected/models/LoginForm.php(51): spl_autoload_call('UserIdentity')
#2 /Applications/MAMP/htdocs/yii/framework/validators/CInlineValidator.php(42): LoginForm->authenticate('password', Array)
#3 /Applications/MAMP/htdocs/yii/framework/validators/CValidator.php(201): CInlineValidator->validateAttribute(Object(LoginForm), 'password')
#4 /Applications/MAMP/htdocs/yii/framework/base/CModel.php(159): CValidator->validate(Object(LoginForm), Array)
#5 /Applications/MAMP/htdocs/hola/protected/controllers/SiteController.php(94): CModel->validate()
#6 /Applications/MAMP/htdocs/yii/framework/web/actions/CInlineAction.php(49): SiteController->actionLogin()
#7 /Applications/MAMP/htdocs/yii/framework/web/CController.php(308): CInlineAction->runWithParams(Array)
#8 /Applications/MAMP/htdocs/yii/framework/web/CController.php(286): CController->runAction(Object(CInlineAction))
#9 /Applications/MAMP/htdocs/yii/framework/web/CController.php(265): CController->runActionWithFilters(Object(CInlineAction), Array)
#10 /Applications/MAMP/htdocs/yii/framework/web/CWebApplication.php(282): CController->run('login')
#11 /Applications/MAMP/htdocs/yii/framework/web/CWebApplication.php(141): CWebApplication->runController('site/login')
#12 /Applications/MAMP/htdocs/yii/framework/base/CApplication.php(185): CWebApplication->processRequest()
#13 /Applications/MAMP/htdocs/hola/index.php(13): CApplication->run()
#14 {main}
REQUEST_URI=/hola/index.php?r=site/login
HTTP_REFERER=http://localhost:8888/hola/index.php?r=site/login
---
2016/10/08 23:44:40 [error] [exception.ParseError] ParseError: syntax error, unexpected '=>' (T_DOUBLE_ARROW) in /Applications/MAMP/htdocs/hola/protected/components/UserIdentity.php:25
Stack trace:
#0 [internal function]: YiiBase::autoload('UserIdentity')
#1 /Applications/MAMP/htdocs/hola/protected/models/LoginForm.php(51): spl_autoload_call('UserIdentity')
#2 /Applications/MAMP/htdocs/yii/framework/validators/CInlineValidator.php(42): LoginForm->authenticate('password', Array)
#3 /Applications/MAMP/htdocs/yii/framework/validators/CValidator.php(201): CInlineValidator->validateAttribute(Object(LoginForm), 'password')
#4 /Applications/MAMP/htdocs/yii/framework/base/CModel.php(159): CValidator->validate(Object(LoginForm), Array)
#5 /Applications/MAMP/htdocs/hola/protected/controllers/SiteController.php(94): CModel->validate()
#6 /Applications/MAMP/htdocs/yii/framework/web/actions/CInlineAction.php(49): SiteController->actionLogin()
#7 /Applications/MAMP/htdocs/yii/framework/web/CController.php(308): CInlineAction->runWithParams(Array)
#8 /Applications/MAMP/htdocs/yii/framework/web/CController.php(286): CController->runAction(Object(CInlineAction))
#9 /Applications/MAMP/htdocs/yii/framework/web/CController.php(265): CController->runActionWithFilters(Object(CInlineAction), Array)
#10 /Applications/MAMP/htdocs/yii/framework/web/CWebApplication.php(282): CController->run('login')
#11 /Applications/MAMP/htdocs/yii/framework/web/CWebApplication.php(141): CWebApplication->runController('site/login')
#12 /Applications/MAMP/htdocs/yii/framework/base/CApplication.php(185): CWebApplication->processRequest()
#13 /Applications/MAMP/htdocs/hola/index.php(13): CApplication->run()
#14 {main}
REQUEST_URI=/hola/index.php?r=site/login
HTTP_REFERER=http://localhost:8888/hola/index.php?r=site/login
---
2016/10/08 23:51:29 [error] [exception.ParseError] ParseError: syntax error, unexpected '=>' (T_DOUBLE_ARROW) in /Applications/MAMP/htdocs/hola/protected/components/UserIdentity.php:25
Stack trace:
#0 [internal function]: YiiBase::autoload('UserIdentity')
#1 /Applications/MAMP/htdocs/hola/protected/models/LoginForm.php(51): spl_autoload_call('UserIdentity')
#2 /Applications/MAMP/htdocs/yii/framework/validators/CInlineValidator.php(42): LoginForm->authenticate('password', Array)
#3 /Applications/MAMP/htdocs/yii/framework/validators/CValidator.php(201): CInlineValidator->validateAttribute(Object(LoginForm), 'password')
#4 /Applications/MAMP/htdocs/yii/framework/base/CModel.php(159): CValidator->validate(Object(LoginForm), Array)
#5 /Applications/MAMP/htdocs/hola/protected/controllers/SiteController.php(94): CModel->validate()
#6 /Applications/MAMP/htdocs/yii/framework/web/actions/CInlineAction.php(49): SiteController->actionLogin()
#7 /Applications/MAMP/htdocs/yii/framework/web/CController.php(308): CInlineAction->runWithParams(Array)
#8 /Applications/MAMP/htdocs/yii/framework/web/CController.php(286): CController->runAction(Object(CInlineAction))
#9 /Applications/MAMP/htdocs/yii/framework/web/CController.php(265): CController->runActionWithFilters(Object(CInlineAction), Array)
#10 /Applications/MAMP/htdocs/yii/framework/web/CWebApplication.php(282): CController->run('login')
#11 /Applications/MAMP/htdocs/yii/framework/web/CWebApplication.php(141): CWebApplication->runController('site/login')
#12 /Applications/MAMP/htdocs/yii/framework/base/CApplication.php(185): CWebApplication->processRequest()
#13 /Applications/MAMP/htdocs/hola/index.php(13): CApplication->run()
#14 {main}
REQUEST_URI=/hola/index.php?r=site/login
HTTP_REFERER=http://localhost:8888/hola/index.php?r=site/login
---
2016/10/08 23:54:56 [error] [exception.CDbException] CDbException: CDbConnection failed to open the DB connection: SQLSTATE[HY000] [1045] Access denied for user 'root'@'localhost' (using password: YES) in /Applications/MAMP/htdocs/yii/framework/db/CDbConnection.php:399
Stack trace:
#0 /Applications/MAMP/htdocs/yii/framework/db/CDbConnection.php(347): CDbConnection->open()
#1 /Applications/MAMP/htdocs/yii/framework/db/CDbConnection.php(325): CDbConnection->setActive(true)
#2 /Applications/MAMP/htdocs/yii/framework/base/CModule.php(394): CDbConnection->init()
#3 /Applications/MAMP/htdocs/yii/framework/base/CModule.php(103): CModule->getComponent('db')
#4 /Applications/MAMP/htdocs/hola/protected/components/UserIdentity.php(20): CModule->__get('db')
#5 /Applications/MAMP/htdocs/hola/protected/models/LoginForm.php(52): UserIdentity->authenticate()
#6 /Applications/MAMP/htdocs/yii/framework/validators/CInlineValidator.php(42): LoginForm->authenticate('password', Array)
#7 /Applications/MAMP/htdocs/yii/framework/validators/CValidator.php(201): CInlineValidator->validateAttribute(Object(LoginForm), 'password')
#8 /Applications/MAMP/htdocs/yii/framework/base/CModel.php(159): CValidator->validate(Object(LoginForm), Array)
#9 /Applications/MAMP/htdocs/hola/protected/controllers/SiteController.php(94): CModel->validate()
#10 /Applications/MAMP/htdocs/yii/framework/web/actions/CInlineAction.php(49): SiteController->actionLogin()
#11 /Applications/MAMP/htdocs/yii/framework/web/CController.php(308): CInlineAction->runWithParams(Array)
#12 /Applications/MAMP/htdocs/yii/framework/web/CController.php(286): CController->runAction(Object(CInlineAction))
#13 /Applications/MAMP/htdocs/yii/framework/web/CController.php(265): CController->runActionWithFilters(Object(CInlineAction), Array)
#14 /Applications/MAMP/htdocs/yii/framework/web/CWebApplication.php(282): CController->run('login')
#15 /Applications/MAMP/htdocs/yii/framework/web/CWebApplication.php(141): CWebApplication->runController('site/login')
#16 /Applications/MAMP/htdocs/yii/framework/base/CApplication.php(185): CWebApplication->processRequest()
#17 /Applications/MAMP/htdocs/hola/index.php(13): CApplication->run()
#18 {main}
REQUEST_URI=/hola/index.php?r=site/login
HTTP_REFERER=http://localhost:8888/hola/index.php?r=site/login
---
2016/10/08 23:58:51 [error] [php] include(DbConnection.php): failed to open stream: No such file or directory (/Applications/MAMP/htdocs/yii/framework/YiiBase.php:432)
Stack trace:
#0 unknown(0): spl_autoload_call()
#1 /Applications/MAMP/htdocs/yii/framework/YiiBase.php(303): class_exists()
#2 /Applications/MAMP/htdocs/yii/framework/YiiBase.php(196): import()
#3 /Applications/MAMP/htdocs/yii/framework/base/CModule.php(393): createComponent()
#4 /Applications/MAMP/htdocs/yii/framework/base/CModule.php(103): CWebApplication->getComponent()
#5 /Applications/MAMP/htdocs/hola/protected/components/UserIdentity.php(20): CWebApplication->__get()
#6 /Applications/MAMP/htdocs/hola/protected/models/LoginForm.php(52): UserIdentity->authenticate()
#7 /Applications/MAMP/htdocs/yii/framework/validators/CInlineValidator.php(42): LoginForm->authenticate()
#8 /Applications/MAMP/htdocs/yii/framework/validators/CValidator.php(201): CInlineValidator->validateAttribute()
#9 /Applications/MAMP/htdocs/yii/framework/base/CModel.php(159): CInlineValidator->validate()
#10 /Applications/MAMP/htdocs/hola/protected/controllers/SiteController.php(94): LoginForm->validate()
#11 /Applications/MAMP/htdocs/yii/framework/web/actions/CInlineAction.php(49): SiteController->actionLogin()
#12 /Applications/MAMP/htdocs/yii/framework/web/CController.php(308): CInlineAction->runWithParams()
#13 /Applications/MAMP/htdocs/yii/framework/web/CController.php(286): SiteController->runAction()
#14 /Applications/MAMP/htdocs/yii/framework/web/CController.php(265): SiteController->runActionWithFilters()
#15 /Applications/MAMP/htdocs/yii/framework/web/CWebApplication.php(282): SiteController->run()
#16 /Applications/MAMP/htdocs/yii/framework/web/CWebApplication.php(141): CWebApplication->runController()
#17 /Applications/MAMP/htdocs/yii/framework/base/CApplication.php(185): CWebApplication->processRequest()
#18 /Applications/MAMP/htdocs/hola/index.php(13): CWebApplication->run()
REQUEST_URI=/hola/index.php?r=site/login
in /Applications/MAMP/htdocs/hola/protected/components/UserIdentity.php (20)
in /Applications/MAMP/htdocs/hola/protected/models/LoginForm.php (52)
in /Applications/MAMP/htdocs/hola/protected/controllers/SiteController.php (94)
2016/10/09 00:00:04 [error] [exception.CDbException] CDbException: CDbConnection failed to open the DB connection: SQLSTATE[HY000] [1045] Access denied for user 'root'@'localhost' (using password: YES) in /Applications/MAMP/htdocs/yii/framework/db/CDbConnection.php:399
Stack trace:
#0 /Applications/MAMP/htdocs/yii/framework/db/CDbConnection.php(347): CDbConnection->open()
#1 /Applications/MAMP/htdocs/yii/framework/db/CDbConnection.php(325): CDbConnection->setActive(true)
#2 /Applications/MAMP/htdocs/yii/framework/base/CModule.php(394): CDbConnection->init()
#3 /Applications/MAMP/htdocs/yii/framework/base/CModule.php(103): CModule->getComponent('db')
#4 /Applications/MAMP/htdocs/hola/protected/components/UserIdentity.php(20): CModule->__get('db')
#5 /Applications/MAMP/htdocs/hola/protected/models/LoginForm.php(52): UserIdentity->authenticate()
#6 /Applications/MAMP/htdocs/yii/framework/validators/CInlineValidator.php(42): LoginForm->authenticate('password', Array)
#7 /Applications/MAMP/htdocs/yii/framework/validators/CValidator.php(201): CInlineValidator->validateAttribute(Object(LoginForm), 'password')
#8 /Applications/MAMP/htdocs/yii/framework/base/CModel.php(159): CValidator->validate(Object(LoginForm), Array)
#9 /Applications/MAMP/htdocs/hola/protected/controllers/SiteController.php(94): CModel->validate()
#10 /Applications/MAMP/htdocs/yii/framework/web/actions/CInlineAction.php(49): SiteController->actionLogin()
#11 /Applications/MAMP/htdocs/yii/framework/web/CController.php(308): CInlineAction->runWithParams(Array)
#12 /Applications/MAMP/htdocs/yii/framework/web/CController.php(286): CController->runAction(Object(CInlineAction))
#13 /Applications/MAMP/htdocs/yii/framework/web/CController.php(265): CController->runActionWithFilters(Object(CInlineAction), Array)
#14 /Applications/MAMP/htdocs/yii/framework/web/CWebApplication.php(282): CController->run('login')
#15 /Applications/MAMP/htdocs/yii/framework/web/CWebApplication.php(141): CWebApplication->runController('site/login')
#16 /Applications/MAMP/htdocs/yii/framework/base/CApplication.php(185): CWebApplication->processRequest()
#17 /Applications/MAMP/htdocs/hola/index.php(13): CApplication->run()
#18 {main}
REQUEST_URI=/hola/index.php?r=site/login
HTTP_REFERER=http://localhost:8888/hola/index.php?r=site/login
---
2016/10/09 00:09:45 [error] [exception.CDbException] CDbException: CDbConnection failed to open the DB connection: SQLSTATE[HY000] [1045] Access denied for user 'root'@'localhost' (using password: YES) in /Applications/MAMP/htdocs/yii/framework/db/CDbConnection.php:399
Stack trace:
#0 /Applications/MAMP/htdocs/yii/framework/db/CDbConnection.php(347): CDbConnection->open()
#1 /Applications/MAMP/htdocs/yii/framework/db/CDbConnection.php(325): CDbConnection->setActive(true)
#2 /Applications/MAMP/htdocs/yii/framework/base/CModule.php(394): CDbConnection->init()
#3 /Applications/MAMP/htdocs/yii/framework/base/CModule.php(103): CModule->getComponent('db')
#4 /Applications/MAMP/htdocs/hola/protected/components/UserIdentity.php(20): CModule->__get('db')
#5 /Applications/MAMP/htdocs/hola/protected/models/LoginForm.php(52): UserIdentity->authenticate()
#6 /Applications/MAMP/htdocs/yii/framework/validators/CInlineValidator.php(42): LoginForm->authenticate('password', Array)
#7 /Applications/MAMP/htdocs/yii/framework/validators/CValidator.php(201): CInlineValidator->validateAttribute(Object(LoginForm), 'password')
#8 /Applications/MAMP/htdocs/yii/framework/base/CModel.php(159): CValidator->validate(Object(LoginForm), Array)
#9 /Applications/MAMP/htdocs/hola/protected/controllers/SiteController.php(94): CModel->validate()
#10 /Applications/MAMP/htdocs/yii/framework/web/actions/CInlineAction.php(49): SiteController->actionLogin()
#11 /Applications/MAMP/htdocs/yii/framework/web/CController.php(308): CInlineAction->runWithParams(Array)
#12 /Applications/MAMP/htdocs/yii/framework/web/CController.php(286): CController->runAction(Object(CInlineAction))
#13 /Applications/MAMP/htdocs/yii/framework/web/CController.php(265): CController->runActionWithFilters(Object(CInlineAction), Array)
#14 /Applications/MAMP/htdocs/yii/framework/web/CWebApplication.php(282): CController->run('login')
#15 /Applications/MAMP/htdocs/yii/framework/web/CWebApplication.php(141): CWebApplication->runController('site/login')
#16 /Applications/MAMP/htdocs/yii/framework/base/CApplication.php(185): CWebApplication->processRequest()
#17 /Applications/MAMP/htdocs/hola/index.php(13): CApplication->run()
#18 {main}
REQUEST_URI=/hola/index.php?r=site/login
HTTP_REFERER=http://localhost:8888/hola/index.php?r=site/login
---
2016/10/09 00:14:15 [error] [exception.CDbException] CDbException: CDbConnection failed to open the DB connection: SQLSTATE[HY000] [1045] Access denied for user 'root'@'localhost' (using password: YES) in /Applications/MAMP/htdocs/yii/framework/db/CDbConnection.php:399
Stack trace:
#0 /Applications/MAMP/htdocs/yii/framework/db/CDbConnection.php(347): CDbConnection->open()
#1 /Applications/MAMP/htdocs/yii/framework/db/CDbConnection.php(325): CDbConnection->setActive(true)
#2 /Applications/MAMP/htdocs/yii/framework/base/CModule.php(394): CDbConnection->init()
#3 /Applications/MAMP/htdocs/yii/framework/base/CModule.php(103): CModule->getComponent('db')
#4 /Applications/MAMP/htdocs/hola/protected/components/UserIdentity.php(20): CModule->__get('db')
#5 /Applications/MAMP/htdocs/hola/protected/models/LoginForm.php(52): UserIdentity->authenticate()
#6 /Applications/MAMP/htdocs/yii/framework/validators/CInlineValidator.php(42): LoginForm->authenticate('password', Array)
#7 /Applications/MAMP/htdocs/yii/framework/validators/CValidator.php(201): CInlineValidator->validateAttribute(Object(LoginForm), 'password')
#8 /Applications/MAMP/htdocs/yii/framework/base/CModel.php(159): CValidator->validate(Object(LoginForm), Array)
#9 /Applications/MAMP/htdocs/hola/protected/controllers/SiteController.php(94): CModel->validate()
#10 /Applications/MAMP/htdocs/yii/framework/web/actions/CInlineAction.php(49): SiteController->actionLogin()
#11 /Applications/MAMP/htdocs/yii/framework/web/CController.php(308): CInlineAction->runWithParams(Array)
#12 /Applications/MAMP/htdocs/yii/framework/web/CController.php(286): CController->runAction(Object(CInlineAction))
#13 /Applications/MAMP/htdocs/yii/framework/web/CController.php(265): CController->runActionWithFilters(Object(CInlineAction), Array)
#14 /Applications/MAMP/htdocs/yii/framework/web/CWebApplication.php(282): CController->run('login')
#15 /Applications/MAMP/htdocs/yii/framework/web/CWebApplication.php(141): CWebApplication->runController('site/login')
#16 /Applications/MAMP/htdocs/yii/framework/base/CApplication.php(185): CWebApplication->processRequest()
#17 /Applications/MAMP/htdocs/hola/index.php(13): CApplication->run()
#18 {main}
REQUEST_URI=/hola/index.php?r=site/login
HTTP_REFERER=http://localhost:8888/hola/index.php?r=site/login
---
2016/10/09 00:47:09 [error] [system.db.CDbCommand] CDbCommand::() failed: SQLSTATE[42000]: Syntax error or access violation: 1064 You have an error in your SQL syntax; check the manual that corresponds to your MySQL server version for the right syntax to use near '='user1'ANDpassword='pass1'AND activo=1' at line 1. The SQL statement executed was: SELECT username, password FROM tbl_userWHERE username='user1'ANDpassword='pass1'AND activo=1.
in /Applications/MAMP/htdocs/hola/protected/components/UserIdentity.php (25)
in /Applications/MAMP/htdocs/hola/protected/models/LoginForm.php (52)
in /Applications/MAMP/htdocs/hola/protected/controllers/SiteController.php (94)
2016/10/09 00:47:09 [error] [exception.CDbException] CDbException: CDbCommand failed to execute the SQL statement: SQLSTATE[42000]: Syntax error or access violation: 1064 You have an error in your SQL syntax; check the manual that corresponds to your MySQL server version for the right syntax to use near '='user1'ANDpassword='pass1'AND activo=1' at line 1. The SQL statement executed was: SELECT username, password FROM tbl_userWHERE username='user1'ANDpassword='pass1'AND activo=1 in /Applications/MAMP/htdocs/yii/framework/db/CDbCommand.php:543
Stack trace:
#0 /Applications/MAMP/htdocs/yii/framework/db/CDbCommand.php(377): CDbCommand->queryInternal('', 0, Array)
#1 /Applications/MAMP/htdocs/hola/protected/components/UserIdentity.php(25): CDbCommand->query()
#2 /Applications/MAMP/htdocs/hola/protected/models/LoginForm.php(52): UserIdentity->authenticate()
#3 /Applications/MAMP/htdocs/yii/framework/validators/CInlineValidator.php(42): LoginForm->authenticate('password', Array)
#4 /Applications/MAMP/htdocs/yii/framework/validators/CValidator.php(201): CInlineValidator->validateAttribute(Object(LoginForm), 'password')
#5 /Applications/MAMP/htdocs/yii/framework/base/CModel.php(159): CValidator->validate(Object(LoginForm), Array)
#6 /Applications/MAMP/htdocs/hola/protected/controllers/SiteController.php(94): CModel->validate()
#7 /Applications/MAMP/htdocs/yii/framework/web/actions/CInlineAction.php(49): SiteController->actionLogin()
#8 /Applications/MAMP/htdocs/yii/framework/web/CController.php(308): CInlineAction->runWithParams(Array)
#9 /Applications/MAMP/htdocs/yii/framework/web/CController.php(286): CController->runAction(Object(CInlineAction))
#10 /Applications/MAMP/htdocs/yii/framework/web/CController.php(265): CController->runActionWithFilters(Object(CInlineAction), Array)
#11 /Applications/MAMP/htdocs/yii/framework/web/CWebApplication.php(282): CController->run('login')
#12 /Applications/MAMP/htdocs/yii/framework/web/CWebApplication.php(141): CWebApplication->runController('site/login')
#13 /Applications/MAMP/htdocs/yii/framework/base/CApplication.php(185): CWebApplication->processRequest()
#14 /Applications/MAMP/htdocs/hola/index.php(13): CApplication->run()
#15 {main}
REQUEST_URI=/hola/index.php?r=site/login
HTTP_REFERER=http://localhost:8888/hola/index.php?r=site/login
---
2016/10/09 00:47:39 [error] [php] include(DbConnection.php): failed to open stream: No such file or directory (/Applications/MAMP/htdocs/yii/framework/YiiBase.php:432)
Stack trace:
#0 unknown(0): spl_autoload_call()
#1 /Applications/MAMP/htdocs/yii/framework/YiiBase.php(303): class_exists()
#2 /Applications/MAMP/htdocs/yii/framework/YiiBase.php(196): import()
#3 /Applications/MAMP/htdocs/yii/framework/base/CModule.php(393): createComponent()
#4 /Applications/MAMP/htdocs/yii/framework/base/CModule.php(103): CWebApplication->getComponent()
#5 /Applications/MAMP/htdocs/hola/protected/components/UserIdentity.php(20): CWebApplication->__get()
#6 /Applications/MAMP/htdocs/hola/protected/models/LoginForm.php(52): UserIdentity->authenticate()
#7 /Applications/MAMP/htdocs/yii/framework/validators/CInlineValidator.php(42): LoginForm->authenticate()
#8 /Applications/MAMP/htdocs/yii/framework/validators/CValidator.php(201): CInlineValidator->validateAttribute()
#9 /Applications/MAMP/htdocs/yii/framework/base/CModel.php(159): CInlineValidator->validate()
#10 /Applications/MAMP/htdocs/hola/protected/controllers/SiteController.php(94): LoginForm->validate()
#11 /Applications/MAMP/htdocs/yii/framework/web/actions/CInlineAction.php(49): SiteController->actionLogin()
#12 /Applications/MAMP/htdocs/yii/framework/web/CController.php(308): CInlineAction->runWithParams()
#13 /Applications/MAMP/htdocs/yii/framework/web/CController.php(286): SiteController->runAction()
#14 /Applications/MAMP/htdocs/yii/framework/web/CController.php(265): SiteController->runActionWithFilters()
#15 /Applications/MAMP/htdocs/yii/framework/web/CWebApplication.php(282): SiteController->run()
#16 /Applications/MAMP/htdocs/yii/framework/web/CWebApplication.php(141): CWebApplication->runController()
#17 /Applications/MAMP/htdocs/yii/framework/base/CApplication.php(185): CWebApplication->processRequest()
#18 /Applications/MAMP/htdocs/hola/index.php(13): CWebApplication->run()
REQUEST_URI=/hola/index.php?r=site/login
in /Applications/MAMP/htdocs/hola/protected/components/UserIdentity.php (20)
in /Applications/MAMP/htdocs/hola/protected/models/LoginForm.php (52)
in /Applications/MAMP/htdocs/hola/protected/controllers/SiteController.php (94)
2016/10/09 00:48:12 [error] [system.db.CDbCommand] CDbCommand::() failed: SQLSTATE[42000]: Syntax error or access violation: 1064 You have an error in your SQL syntax; check the manual that corresponds to your MySQL server version for the right syntax to use near '='user1'ANDpassword='pass1'AND activo=1' at line 1. The SQL statement executed was: SELECT username, password FROM tbl_userWHERE username='user1'ANDpassword='pass1'AND activo=1.
in /Applications/MAMP/htdocs/hola/protected/components/UserIdentity.php (25)
in /Applications/MAMP/htdocs/hola/protected/models/LoginForm.php (52)
in /Applications/MAMP/htdocs/hola/protected/controllers/SiteController.php (94)
2016/10/09 00:48:12 [error] [exception.CDbException] CDbException: CDbCommand failed to execute the SQL statement: SQLSTATE[42000]: Syntax error or access violation: 1064 You have an error in your SQL syntax; check the manual that corresponds to your MySQL server version for the right syntax to use near '='user1'ANDpassword='pass1'AND activo=1' at line 1. The SQL statement executed was: SELECT username, password FROM tbl_userWHERE username='user1'ANDpassword='pass1'AND activo=1 in /Applications/MAMP/htdocs/yii/framework/db/CDbCommand.php:543
Stack trace:
#0 /Applications/MAMP/htdocs/yii/framework/db/CDbCommand.php(377): CDbCommand->queryInternal('', 0, Array)
#1 /Applications/MAMP/htdocs/hola/protected/components/UserIdentity.php(25): CDbCommand->query()
#2 /Applications/MAMP/htdocs/hola/protected/models/LoginForm.php(52): UserIdentity->authenticate()
#3 /Applications/MAMP/htdocs/yii/framework/validators/CInlineValidator.php(42): LoginForm->authenticate('password', Array)
#4 /Applications/MAMP/htdocs/yii/framework/validators/CValidator.php(201): CInlineValidator->validateAttribute(Object(LoginForm), 'password')
#5 /Applications/MAMP/htdocs/yii/framework/base/CModel.php(159): CValidator->validate(Object(LoginForm), Array)
#6 /Applications/MAMP/htdocs/hola/protected/controllers/SiteController.php(94): CModel->validate()
#7 /Applications/MAMP/htdocs/yii/framework/web/actions/CInlineAction.php(49): SiteController->actionLogin()
#8 /Applications/MAMP/htdocs/yii/framework/web/CController.php(308): CInlineAction->runWithParams(Array)
#9 /Applications/MAMP/htdocs/yii/framework/web/CController.php(286): CController->runAction(Object(CInlineAction))
#10 /Applications/MAMP/htdocs/yii/framework/web/CController.php(265): CController->runActionWithFilters(Object(CInlineAction), Array)
#11 /Applications/MAMP/htdocs/yii/framework/web/CWebApplication.php(282): CController->run('login')
#12 /Applications/MAMP/htdocs/yii/framework/web/CWebApplication.php(141): CWebApplication->runController('site/login')
#13 /Applications/MAMP/htdocs/yii/framework/base/CApplication.php(185): CWebApplication->processRequest()
#14 /Applications/MAMP/htdocs/hola/index.php(13): CApplication->run()
#15 {main}
REQUEST_URI=/hola/index.php?r=site/login
HTTP_REFERER=http://localhost:8888/hola/index.php?r=site/login
---
2016/10/09 00:51:17 [error] [system.db.CDbCommand] CDbCommand::() failed: SQLSTATE[42000]: Syntax error or access violation: 1064 You have an error in your SQL syntax; check the manual that corresponds to your MySQL server version for the right syntax to use near '='test1'ANDpassword='pass1'AND activo=1' at line 1. The SQL statement executed was: SELECT username, password FROM tbl_userWHERE username='test1'ANDpassword='pass1'AND activo=1.
in /Applications/MAMP/htdocs/hola/protected/components/UserIdentity.php (25)
in /Applications/MAMP/htdocs/hola/protected/models/LoginForm.php (52)
in /Applications/MAMP/htdocs/hola/protected/controllers/SiteController.php (94)
2016/10/09 00:51:17 [error] [exception.CDbException] CDbException: CDbCommand failed to execute the SQL statement: SQLSTATE[42000]: Syntax error or access violation: 1064 You have an error in your SQL syntax; check the manual that corresponds to your MySQL server version for the right syntax to use near '='test1'ANDpassword='pass1'AND activo=1' at line 1. The SQL statement executed was: SELECT username, password FROM tbl_userWHERE username='test1'ANDpassword='pass1'AND activo=1 in /Applications/MAMP/htdocs/yii/framework/db/CDbCommand.php:543
Stack trace:
#0 /Applications/MAMP/htdocs/yii/framework/db/CDbCommand.php(377): CDbCommand->queryInternal('', 0, Array)
#1 /Applications/MAMP/htdocs/hola/protected/components/UserIdentity.php(25): CDbCommand->query()
#2 /Applications/MAMP/htdocs/hola/protected/models/LoginForm.php(52): UserIdentity->authenticate()
#3 /Applications/MAMP/htdocs/yii/framework/validators/CInlineValidator.php(42): LoginForm->authenticate('password', Array)
#4 /Applications/MAMP/htdocs/yii/framework/validators/CValidator.php(201): CInlineValidator->validateAttribute(Object(LoginForm), 'password')
#5 /Applications/MAMP/htdocs/yii/framework/base/CModel.php(159): CValidator->validate(Object(LoginForm), Array)
#6 /Applications/MAMP/htdocs/hola/protected/controllers/SiteController.php(94): CModel->validate()
#7 /Applications/MAMP/htdocs/yii/framework/web/actions/CInlineAction.php(49): SiteController->actionLogin()
#8 /Applications/MAMP/htdocs/yii/framework/web/CController.php(308): CInlineAction->runWithParams(Array)
#9 /Applications/MAMP/htdocs/yii/framework/web/CController.php(286): CController->runAction(Object(CInlineAction))
#10 /Applications/MAMP/htdocs/yii/framework/web/CController.php(265): CController->runActionWithFilters(Object(CInlineAction), Array)
#11 /Applications/MAMP/htdocs/yii/framework/web/CWebApplication.php(282): CController->run('login')
#12 /Applications/MAMP/htdocs/yii/framework/web/CWebApplication.php(141): CWebApplication->runController('site/login')
#13 /Applications/MAMP/htdocs/yii/framework/base/CApplication.php(185): CWebApplication->processRequest()
#14 /Applications/MAMP/htdocs/hola/index.php(13): CApplication->run()
#15 {main}
REQUEST_URI=/hola/index.php?r=site/login
HTTP_REFERER=http://localhost:8888/hola/index.php?r=site/login
---
2016/10/09 00:57:20 [error] [system.db.CDbCommand] CDbCommand::() failed: SQLSTATE[42000]: Syntax error or access violation: 1064 You have an error in your SQL syntax; check the manual that corresponds to your MySQL server version for the right syntax to use near ''pass1' at line 1. The SQL statement executed was: SELECT username, password FROM tbl_user where username='test1'AND password='pass1.
in /Applications/MAMP/htdocs/hola/protected/components/UserIdentity.php (27)
in /Applications/MAMP/htdocs/hola/protected/models/LoginForm.php (52)
in /Applications/MAMP/htdocs/hola/protected/controllers/SiteController.php (94)
2016/10/09 00:57:20 [error] [exception.CDbException] CDbException: CDbCommand failed to execute the SQL statement: SQLSTATE[42000]: Syntax error or access violation: 1064 You have an error in your SQL syntax; check the manual that corresponds to your MySQL server version for the right syntax to use near ''pass1' at line 1. The SQL statement executed was: SELECT username, password FROM tbl_user where username='test1'AND password='pass1 in /Applications/MAMP/htdocs/yii/framework/db/CDbCommand.php:543
Stack trace:
#0 /Applications/MAMP/htdocs/yii/framework/db/CDbCommand.php(377): CDbCommand->queryInternal('', 0, Array)
#1 /Applications/MAMP/htdocs/hola/protected/components/UserIdentity.php(27): CDbCommand->query()
#2 /Applications/MAMP/htdocs/hola/protected/models/LoginForm.php(52): UserIdentity->authenticate()
#3 /Applications/MAMP/htdocs/yii/framework/validators/CInlineValidator.php(42): LoginForm->authenticate('password', Array)
#4 /Applications/MAMP/htdocs/yii/framework/validators/CValidator.php(201): CInlineValidator->validateAttribute(Object(LoginForm), 'password')
#5 /Applications/MAMP/htdocs/yii/framework/base/CModel.php(159): CValidator->validate(Object(LoginForm), Array)
#6 /Applications/MAMP/htdocs/hola/protected/controllers/SiteController.php(94): CModel->validate()
#7 /Applications/MAMP/htdocs/yii/framework/web/actions/CInlineAction.php(49): SiteController->actionLogin()
#8 /Applications/MAMP/htdocs/yii/framework/web/CController.php(308): CInlineAction->runWithParams(Array)
#9 /Applications/MAMP/htdocs/yii/framework/web/CController.php(286): CController->runAction(Object(CInlineAction))
#10 /Applications/MAMP/htdocs/yii/framework/web/CController.php(265): CController->runActionWithFilters(Object(CInlineAction), Array)
#11 /Applications/MAMP/htdocs/yii/framework/web/CWebApplication.php(282): CController->run('login')
#12 /Applications/MAMP/htdocs/yii/framework/web/CWebApplication.php(141): CWebApplication->runController('site/login')
#13 /Applications/MAMP/htdocs/yii/framework/base/CApplication.php(185): CWebApplication->processRequest()
#14 /Applications/MAMP/htdocs/hola/index.php(13): CApplication->run()
#15 {main}
REQUEST_URI=/hola/index.php?r=site/login
HTTP_REFERER=http://localhost:8888/hola/index.php?r=site/login
---
2016/10/09 01:05:46 [error] [system.db.CDbCommand] CDbCommand::() failed: SQLSTATE[42000]: Syntax error or access violation: 1064 You have an error in your SQL syntax; check the manual that corresponds to your MySQL server version for the right syntax to use near 'ANDpassword='pass1'AND activo=1' at line 1. The SQL statement executed was: SELECT username, password FROM tbl_user WHERE username='test1'ANDpassword='pass1'AND activo=1.
in /Applications/MAMP/htdocs/hola/protected/components/UserIdentity.php (28)
in /Applications/MAMP/htdocs/hola/protected/models/LoginForm.php (52)
in /Applications/MAMP/htdocs/hola/protected/controllers/SiteController.php (94)
2016/10/09 01:05:46 [error] [exception.CDbException] CDbException: CDbCommand failed to execute the SQL statement: SQLSTATE[42000]: Syntax error or access violation: 1064 You have an error in your SQL syntax; check the manual that corresponds to your MySQL server version for the right syntax to use near 'ANDpassword='pass1'AND activo=1' at line 1. The SQL statement executed was: SELECT username, password FROM tbl_user WHERE username='test1'ANDpassword='pass1'AND activo=1 in /Applications/MAMP/htdocs/yii/framework/db/CDbCommand.php:543
Stack trace:
#0 /Applications/MAMP/htdocs/yii/framework/db/CDbCommand.php(377): CDbCommand->queryInternal('', 0, Array)
#1 /Applications/MAMP/htdocs/hola/protected/components/UserIdentity.php(28): CDbCommand->query()
#2 /Applications/MAMP/htdocs/hola/protected/models/LoginForm.php(52): UserIdentity->authenticate()
#3 /Applications/MAMP/htdocs/yii/framework/validators/CInlineValidator.php(42): LoginForm->authenticate('password', Array)
#4 /Applications/MAMP/htdocs/yii/framework/validators/CValidator.php(201): CInlineValidator->validateAttribute(Object(LoginForm), 'password')
#5 /Applications/MAMP/htdocs/yii/framework/base/CModel.php(159): CValidator->validate(Object(LoginForm), Array)
#6 /Applications/MAMP/htdocs/hola/protected/controllers/SiteController.php(94): CModel->validate()
#7 /Applications/MAMP/htdocs/yii/framework/web/actions/CInlineAction.php(49): SiteController->actionLogin()
#8 /Applications/MAMP/htdocs/yii/framework/web/CController.php(308): CInlineAction->runWithParams(Array)
#9 /Applications/MAMP/htdocs/yii/framework/web/CController.php(286): CController->runAction(Object(CInlineAction))
#10 /Applications/MAMP/htdocs/yii/framework/web/CController.php(265): CController->runActionWithFilters(Object(CInlineAction), Array)
#11 /Applications/MAMP/htdocs/yii/framework/web/CWebApplication.php(282): CController->run('login')
#12 /Applications/MAMP/htdocs/yii/framework/web/CWebApplication.php(141): CWebApplication->runController('site/login')
#13 /Applications/MAMP/htdocs/yii/framework/base/CApplication.php(185): CWebApplication->processRequest()
#14 /Applications/MAMP/htdocs/hola/index.php(13): CApplication->run()
#15 {main}
REQUEST_URI=/hola/index.php?r=site/login
HTTP_REFERER=http://localhost:8888/hola/index.php?r=site/login
---
